lerna(info)    Lerna v2.0.0-beta.23
lerna(info)    Independent Versioning Mode
lerna(debug)   Attempting running PublishCommand.initialize
lerna(info)    Checking for updated packages...
lerna(info)    
lerna(info)    Changes:
lerna(info)    - just-array-flatten: 1.0.0 => 1.0.1
- just-array-intersect: 1.0.1 => 1.0.2
- just-array-last: 1.0.1 => 1.0.2
- just-array-remove: 1.0.1 => 1.0.2
- just-array-union: 1.0.1 => 1.0.2
- just-array-unique: 1.0.1 => 1.0.2
- just-compare: 1.0.0 => 1.0.1
- just-pluck-it: 1.0.0 => 1.0.1
- just-function-curry: 1.0.2 => 1.0.3
- just-function-partial: 1.0.2 => 1.0.3
- just-extend: 1.0.0 => 1.0.1
- just-filter: 1.0.0 => 1.0.1
lerna(info)    
lerna(debug)   Successfully ran PublishCommand.initialize
lerna(debug)   Attempting running PublishCommand.execute
lerna(error)   Errored while running PublishCommand.execute
    Error: Command failed: git tag just-array-flatten@1.0.1
    fatal: tag 'just-array-flatten@1.0.1' already exists
    
        at checkExecSyncError (child_process.js:441:13)
        at Object.execSync (child_process.js:481:13)
        at Function.execSync (/Users/anguscroll/.nvm/versions/node/v4.2.1/lib/node_modules/lerna/lib/ChildProcessUtilities.js:57:40)
        at addTag (/Users/anguscroll/.nvm/versions/node/v4.2.1/lib/node_modules/lerna/lib/GitUtilities.js:82:39)
        at Array.forEach (native)
        at PublishCommand.gitCommitAndTagVersionForUpdates (/Users/anguscroll/.nvm/versions/node/v4.2.1/lib/node_modules/lerna/lib/commands/PublishCommand.js:387:12)
        at PublishCommand.commitAndTagUpdates (/Users/anguscroll/.nvm/versions/node/v4.2.1/lib/node_modules/lerna/lib/commands/PublishCommand.js:367:28)
        at PublishCommand.execute (/Users/anguscroll/.nvm/versions/node/v4.2.1/lib/node_modules/lerna/lib/commands/PublishCommand.js:136:16)
        at PublishCommand._attempt (/Users/anguscroll/.nvm/versions/node/v4.2.1/lib/node_modules/lerna/lib/Command.js:157:21)
        at /Users/anguscroll/.nvm/versions/node/v4.2.1/lib/node_modules/lerna/lib/Command.js:142:15
