0 info it worked if it ends with ok
1 verbose cli [ '/Users/anguscroll/.nvm/versions/node/v4.2.1/bin/node',
1 verbose cli   '/Users/anguscroll/.nvm/versions/node/v4.2.1/bin/npm',
1 verbose cli   'run',
1 verbose cli   'test' ]
2 info using npm@3.7.2
3 info using node@v4.2.1
4 verbose run-script [ 'pretest', 'test', 'posttest' ]
5 info lifecycle just@1.0.0~pretest: just@1.0.0
6 silly lifecycle just@1.0.0~pretest: no script for pretest, continuing
7 info lifecycle just@1.0.0~test: just@1.0.0
8 verbose lifecycle just@1.0.0~test: unsafe-perm in lifecycle true
9 verbose lifecycle just@1.0.0~test: PATH: /Users/anguscroll/.nvm/versions/node/v4.2.1/lib/node_modules/npm/bin/node-gyp-bin:/Users/anguscroll/Documents/github/just/node_modules/.bin:/Users/anguscroll/.nvm/versions/node/v4.2.1/bin:/Users/anguscroll/.nvm/versions/node/v4.2.1/bin:/usr/local/bin:/usr/bin:/bin:/usr/sbin:/sbin
10 verbose lifecycle just@1.0.0~test: CWD: /Users/anguscroll/Documents/github/just
11 silly lifecycle just@1.0.0~test: Args: [ '-c', 'npm run lint && node test' ]
12 silly lifecycle just@1.0.0~test: Returned: code: 1  signal: null
13 info lifecycle just@1.0.0~test: Failed to exec test script
14 verbose stack Error: just@1.0.0 test: `npm run lint && node test`
14 verbose stack Exit status 1
14 verbose stack     at EventEmitter.<anonymous> (/Users/anguscroll/.nvm/versions/node/v4.2.1/lib/node_modules/npm/lib/utils/lifecycle.js:239:16)
14 verbose stack     at emitTwo (events.js:87:13)
14 verbose stack     at EventEmitter.emit (events.js:172:7)
14 verbose stack     at ChildProcess.<anonymous> (/Users/anguscroll/.nvm/versions/node/v4.2.1/lib/node_modules/npm/lib/utils/spawn.js:24:14)
14 verbose stack     at emitTwo (events.js:87:13)
14 verbose stack     at ChildProcess.emit (events.js:172:7)
14 verbose stack     at maybeClose (internal/child_process.js:818:16)
14 verbose stack     at Process.ChildProcess._handle.onexit (internal/child_process.js:211:5)
15 verbose pkgid just@1.0.0
16 verbose cwd /Users/anguscroll/Documents/github/just
17 error Darwin 14.5.0
18 error argv "/Users/anguscroll/.nvm/versions/node/v4.2.1/bin/node" "/Users/anguscroll/.nvm/versions/node/v4.2.1/bin/npm" "run" "test"
19 error node v4.2.1
20 error npm  v3.7.2
21 error code ELIFECYCLE
22 error just@1.0.0 test: `npm run lint && node test`
22 error Exit status 1
23 error Failed at the just@1.0.0 test script 'npm run lint && node test'.
23 error Make sure you have the latest version of node.js and npm installed.
23 error If you do, this is most likely a problem with the just package,
23 error not with npm itself.
23 error Tell the author that this fails on your system:
23 error     npm run lint && node test
23 error You can get information on how to open an issue for this project with:
23 error     npm bugs just
23 error Or if that isn't available, you can get their info via:
23 error     npm owner ls just
23 error There is likely additional logging output above.
24 verbose exit [ 1, true ]
