0 info it worked if it ends with ok
1 verbose cli [ '/Users/anguscroll/.nvm/versions/node/v4.2.1/bin/node',
1 verbose cli   '/Users/anguscroll/.nvm/versions/node/v4.2.1/bin/npm',
1 verbose cli   'publish' ]
2 info using npm@3.7.2
3 info using node@v4.2.1
4 verbose publish [ '.' ]
5 silly cache add args [ '.', null ]
6 verbose cache add spec .
7 silly cache add parsed spec Result {
7 silly cache add   raw: '.',
7 silly cache add   scope: null,
7 silly cache add   name: null,
7 silly cache add   rawSpec: '.',
7 silly cache add   spec: '/Users/anguscroll/Documents/github/just/packages/collection-compare',
7 silly cache add   type: 'directory' }
8 verbose addLocalDirectory /Users/anguscroll/.npm/just-compare/1.1.19/package.tgz not in flight; packing
9 verbose correctMkdir /Users/anguscroll/.npm correctMkdir not in flight; initializing
10 info lifecycle just-compare@1.1.19~prepublish: just-compare@1.1.19
11 silly lifecycle just-compare@1.1.19~prepublish: no script for prepublish, continuing
12 verbose tar pack [ '/Users/anguscroll/.npm/just-compare/1.1.19/package.tgz',
12 verbose tar pack   '/Users/anguscroll/Documents/github/just/packages/collection-compare' ]
13 verbose tarball /Users/anguscroll/.npm/just-compare/1.1.19/package.tgz
14 verbose folder /Users/anguscroll/Documents/github/just/packages/collection-compare
15 verbose addLocalTarball adding from inside cache /Users/anguscroll/.npm/just-compare/1.1.19/package.tgz
16 verbose correctMkdir /Users/anguscroll/.npm correctMkdir not in flight; initializing
17 silly cache afterAdd just-compare@1.1.19
18 verbose afterAdd /Users/anguscroll/.npm/just-compare/1.1.19/package/package.json not in flight; writing
19 verbose correctMkdir /Users/anguscroll/.npm correctMkdir not in flight; initializing
20 verbose afterAdd /Users/anguscroll/.npm/just-compare/1.1.19/package/package.json written
21 silly publish { name: 'just-compare',
21 silly publish   version: '1.1.19',
21 silly publish   description: 'compare two collections',
21 silly publish   main: 'index.js',
21 silly publish   scripts: { test: 'echo "Error: no test specified" && exit 1' },
21 silly publish   repository: { type: 'git', url: 'git+https://github.com/angus-c/just.git' },
21 silly publish   keywords: [ 'object', 'array', 'compare', 'no-dependencies', 'just' ],
21 silly publish   author: { name: 'Angus Croll' },
21 silly publish   license: 'MIT',
21 silly publish   bugs: { url: 'https://github.com/angus-c/just/issues' },
21 silly publish   readme: '## just-compare\n\nPart of a [library](../../../../) of zero-dependency npm modules that do just do one thing.  \nGuilt-free utilities for every occasion.\n\n```js\nimport compare from \'just-compare\';\n\n// primitives: value1 === value2\n// functions: value1.toString == value2.toString\n// arrays: if length, sequence and values of properties are identical\n// objects: if length, names and values of properties are identical\ncompare([[1, [2, 3]], [[1, [2, 3]]); // true\ncompare([[1, [2, 3], 4], [[1, [2, 3]]); // false\ncompare({a: 2, b: 3}, {a: 2, b: 3}); // true\ncompare({a: 2, b: 3}, {b: 3, a: 2}); // true\ncompare({a: 2, b: 3, c: 4}, {a: 2, b: 3}); // false\ncompare({a: 2, b: 3}, {a: 2, b: 3, c: 4}); // false\ncompare([[1, [2, {a: 4}], 4], [[1, [2, {a: 4}]]); // true\n```\n',
21 silly publish   readmeFilename: 'README.md',
21 silly publish   homepage: 'https://github.com/angus-c/just#readme',
21 silly publish   _id: 'just-compare@1.1.19',
21 silly publish   _shasum: '37306e3bb80d6f70ec360c716ecc160c6d2f27b5',
21 silly publish   _from: '.' }
22 verbose getPublishConfig undefined
23 silly mapToRegistry name just-compare
24 silly mapToRegistry using default registry
25 silly mapToRegistry registry https://registry.npmjs.org/
26 silly mapToRegistry uri https://registry.npmjs.org/just-compare
27 verbose publish registryBase https://registry.npmjs.org/
28 silly publish uploading /Users/anguscroll/.npm/just-compare/1.1.19/package.tgz
29 verbose request uri https://registry.npmjs.org/just-compare
30 verbose request sending authorization for write operation
31 info attempt registry request try #1 at 9:36:29 PM
32 verbose request using bearer token for auth
33 verbose request id c56fcde84f15fa38
34 http request PUT https://registry.npmjs.org/just-compare
35 http 403 https://registry.npmjs.org/just-compare
36 verbose headers { 'content-type': 'application/json',
36 verbose headers   'cache-control': 'max-age=300',
36 verbose headers   'content-length': '96',
36 verbose headers   'accept-ranges': 'bytes',
36 verbose headers   date: 'Tue, 19 Jul 2016 04:36:31 GMT',
36 verbose headers   via: '1.1 varnish',
36 verbose headers   connection: 'keep-alive',
36 verbose headers   'x-served-by': 'cache-dfw1835-DFW',
36 verbose headers   'x-cache': 'MISS',
36 verbose headers   'x-cache-hits': '0',
36 verbose headers   'x-timer': 'S1468902990.221373,VS0,VE827',
36 verbose headers   vary: 'Accept-Encoding' }
37 verbose request invalidating /Users/anguscroll/.npm/registry.npmjs.org/just-compare on PUT
38 error publish Failed PUT 403
39 verbose stack Error: "You cannot publish over the previously published version 1.1.19." : just-compare
39 verbose stack     at makeError (/Users/anguscroll/.nvm/versions/node/v4.2.1/lib/node_modules/npm/node_modules/npm-registry-client/lib/request.js:264:12)
39 verbose stack     at CachingRegistryClient.<anonymous> (/Users/anguscroll/.nvm/versions/node/v4.2.1/lib/node_modules/npm/node_modules/npm-registry-client/lib/request.js:252:14)
39 verbose stack     at Request._callback (/Users/anguscroll/.nvm/versions/node/v4.2.1/lib/node_modules/npm/node_modules/npm-registry-client/lib/request.js:172:14)
39 verbose stack     at Request.self.callback (/Users/anguscroll/.nvm/versions/node/v4.2.1/lib/node_modules/npm/node_modules/request/request.js:199:22)
39 verbose stack     at emitTwo (events.js:87:13)
39 verbose stack     at Request.emit (events.js:172:7)
39 verbose stack     at Request.<anonymous> (/Users/anguscroll/.nvm/versions/node/v4.2.1/lib/node_modules/npm/node_modules/request/request.js:1036:10)
39 verbose stack     at emitOne (events.js:82:20)
39 verbose stack     at Request.emit (events.js:169:7)
39 verbose stack     at IncomingMessage.<anonymous> (/Users/anguscroll/.nvm/versions/node/v4.2.1/lib/node_modules/npm/node_modules/request/request.js:963:12)
40 verbose statusCode 403
41 verbose pkgid just-compare
42 verbose cwd /Users/anguscroll/Documents/github/just/packages/collection-compare
43 error Darwin 14.5.0
44 error argv "/Users/anguscroll/.nvm/versions/node/v4.2.1/bin/node" "/Users/anguscroll/.nvm/versions/node/v4.2.1/bin/npm" "publish"
45 error node v4.2.1
46 error npm  v3.7.2
47 error code E403
48 error "You cannot publish over the previously published version 1.1.19." : just-compare
49 error If you need help, you may report this error at:
49 error     <https://github.com/npm/npm/issues>
50 verbose exit [ 1, true ]
