0 info it worked if it ends with ok
1 verbose cli [ '/Users/anguscroll/.nvm/versions/node/v4.2.1/bin/node',
1 verbose cli   '/Users/anguscroll/.nvm/versions/node/v4.2.1/bin/npm',
1 verbose cli   'publish' ]
2 info using npm@3.7.2
3 info using node@v4.2.1
4 verbose publish [ '.' ]
5 silly cache add args [ '.', null ]
6 verbose cache add spec .
7 silly cache add parsed spec Result {
7 silly cache add   raw: '.',
7 silly cache add   scope: null,
7 silly cache add   name: null,
7 silly cache add   rawSpec: '.',
7 silly cache add   spec: '/Users/anguscroll/Documents/github/just/packages/string-template',
7 silly cache add   type: 'directory' }
8 verbose addLocalDirectory /Users/anguscroll/.npm/just-template/1.1.22/package.tgz not in flight; packing
9 verbose correctMkdir /Users/anguscroll/.npm correctMkdir not in flight; initializing
10 info lifecycle just-template@1.1.22~prepublish: just-template@1.1.22
11 silly lifecycle just-template@1.1.22~prepublish: no script for prepublish, continuing
12 verbose tar pack [ '/Users/anguscroll/.npm/just-template/1.1.22/package.tgz',
12 verbose tar pack   '/Users/anguscroll/Documents/github/just/packages/string-template' ]
13 verbose tarball /Users/anguscroll/.npm/just-template/1.1.22/package.tgz
14 verbose folder /Users/anguscroll/Documents/github/just/packages/string-template
15 verbose addLocalTarball adding from inside cache /Users/anguscroll/.npm/just-template/1.1.22/package.tgz
16 verbose correctMkdir /Users/anguscroll/.npm correctMkdir not in flight; initializing
17 silly cache afterAdd just-template@1.1.22
18 verbose afterAdd /Users/anguscroll/.npm/just-template/1.1.22/package/package.json not in flight; writing
19 verbose correctMkdir /Users/anguscroll/.npm correctMkdir not in flight; initializing
20 verbose afterAdd /Users/anguscroll/.npm/just-template/1.1.22/package/package.json written
21 silly publish { name: 'just-template',
21 silly publish   version: '1.1.22',
21 silly publish   description: 'interpolate a string with variables',
21 silly publish   main: 'index.js',
21 silly publish   scripts: { test: 'echo "Error: no test specified" && exit 1' },
21 silly publish   repository: { type: 'git', url: 'git+https://github.com/angus-c/just.git' },
21 silly publish   keywords: [ 'template', 'interpolate', 'no-dependencies', 'just' ],
21 silly publish   author: { name: 'Angus Croll' },
21 silly publish   license: 'MIT',
21 silly publish   bugs: { url: 'https://github.com/angus-c/just/issues' },
21 silly publish   readme: '## just-template\n\nPart of a [library](../../../../) of zero-dependency npm modules that do just do one thing.\nGuilt-free utilities for every occasion.\n\n```\nimport template from \'just-template\';\n\nvar data = {\n  a: {\n    aa: {\n      aaa: \'apple\',\n      bbb: \'pear\'\n    },\n    bb: \'orange\'\n  },\n  b: \'plum\'\n};\ntemplate(\'2 {{a.aa.aaa}}s, a {{a.aa.bbb}}, 3 {{a.bb}}s and a {{b}}. Yes 1 {{a.aa.bbb}}.\', data);\n// \'2 apples, a pear, 3 oranges and a plum. Yes 1 pear.\'\n```\n',
21 silly publish   readmeFilename: 'README.md',
21 silly publish   homepage: 'https://github.com/angus-c/just#readme',
21 silly publish   _id: 'just-template@1.1.22',
21 silly publish   _shasum: '32880c11874f4adf6a54d84453284ca3fb315ac5',
21 silly publish   _from: '.' }
22 verbose getPublishConfig undefined
23 silly mapToRegistry name just-template
24 silly mapToRegistry using default registry
25 silly mapToRegistry registry https://registry.npmjs.org/
26 silly mapToRegistry uri https://registry.npmjs.org/just-template
27 verbose publish registryBase https://registry.npmjs.org/
28 silly publish uploading /Users/anguscroll/.npm/just-template/1.1.22/package.tgz
29 verbose request uri https://registry.npmjs.org/just-template
30 verbose request sending authorization for write operation
31 info attempt registry request try #1 at 3:14:53 PM
32 verbose request using bearer token for auth
33 verbose request id b447005aa79b8990
34 http request PUT https://registry.npmjs.org/just-template
35 http 403 https://registry.npmjs.org/just-template
36 verbose headers { 'content-type': 'application/json',
36 verbose headers   'cache-control': 'max-age=300',
36 verbose headers   'content-length': '96',
36 verbose headers   'accept-ranges': 'bytes',
36 verbose headers   date: 'Tue, 27 Dec 2016 23:14:54 GMT',
36 verbose headers   via: '1.1 varnish',
36 verbose headers   connection: 'keep-alive',
36 verbose headers   'x-served-by': 'cache-dfw1830-DFW',
36 verbose headers   'x-cache': 'MISS',
36 verbose headers   'x-cache-hits': '0',
36 verbose headers   'x-timer': 'S1482880493.973445,VS0,VE975',
36 verbose headers   vary: 'Accept-Encoding' }
37 verbose request invalidating /Users/anguscroll/.npm/registry.npmjs.org/just-template on PUT
38 error publish Failed PUT 403
39 verbose stack Error: "You cannot publish over the previously published version 1.1.22." : just-template
39 verbose stack     at makeError (/Users/anguscroll/.nvm/versions/node/v4.2.1/lib/node_modules/npm/node_modules/npm-registry-client/lib/request.js:264:12)
39 verbose stack     at CachingRegistryClient.<anonymous> (/Users/anguscroll/.nvm/versions/node/v4.2.1/lib/node_modules/npm/node_modules/npm-registry-client/lib/request.js:252:14)
39 verbose stack     at Request._callback (/Users/anguscroll/.nvm/versions/node/v4.2.1/lib/node_modules/npm/node_modules/npm-registry-client/lib/request.js:172:14)
39 verbose stack     at Request.self.callback (/Users/anguscroll/.nvm/versions/node/v4.2.1/lib/node_modules/npm/node_modules/request/request.js:199:22)
39 verbose stack     at emitTwo (events.js:87:13)
39 verbose stack     at Request.emit (events.js:172:7)
39 verbose stack     at Request.<anonymous> (/Users/anguscroll/.nvm/versions/node/v4.2.1/lib/node_modules/npm/node_modules/request/request.js:1036:10)
39 verbose stack     at emitOne (events.js:82:20)
39 verbose stack     at Request.emit (events.js:169:7)
39 verbose stack     at IncomingMessage.<anonymous> (/Users/anguscroll/.nvm/versions/node/v4.2.1/lib/node_modules/npm/node_modules/request/request.js:963:12)
40 verbose statusCode 403
41 verbose pkgid just-template
42 verbose cwd /Users/anguscroll/Documents/github/just/packages/string-template
43 error Darwin 15.6.0
44 error argv "/Users/anguscroll/.nvm/versions/node/v4.2.1/bin/node" "/Users/anguscroll/.nvm/versions/node/v4.2.1/bin/npm" "publish"
45 error node v4.2.1
46 error npm  v3.7.2
47 error code E403
48 error "You cannot publish over the previously published version 1.1.22." : just-template
49 error If you need help, you may report this error at:
49 error     <https://github.com/npm/npm/issues>
50 verbose exit [ 1, true ]
