0 info it worked if it ends with ok
1 verbose cli [ '/Users/anguscroll/.nvm/versions/node/v4.2.1/bin/node',
1 verbose cli   '/Users/anguscroll/.nvm/versions/node/v4.2.1/bin/npm',
1 verbose cli   'i',
1 verbose cli   'just-safe-set' ]
2 info using npm@3.7.2
3 info using node@v4.2.1
4 silly loadCurrentTree Starting
5 silly install loadCurrentTree
6 silly install readLocalPackageData
7 silly fetchPackageMetaData just-safe-set
8 silly fetchNamedPackageData just-safe-set
9 silly mapToRegistry name just-safe-set
10 silly mapToRegistry using default registry
11 silly mapToRegistry registry https://registry.npmjs.org/
12 silly mapToRegistry uri https://registry.npmjs.org/just-safe-set
13 verbose request uri https://registry.npmjs.org/just-safe-set
14 verbose request no auth needed
15 info attempt registry request try #1 at 8:23:12 PM
16 verbose request using bearer token for auth
17 verbose request id d451a393c4c36d50
18 http request GET https://registry.npmjs.org/just-safe-set
19 http 200 https://registry.npmjs.org/just-safe-set
20 verbose headers { server: 'CouchDB/1.6.1 (Erlang OTP/R16B03)',
20 verbose headers   etag: '"7MAEW1ZZ4B3P0VCTST9YZVM85"',
20 verbose headers   'content-type': 'application/json',
20 verbose headers   'content-encoding': 'gzip',
20 verbose headers   'cache-control': 'max-age=300',
20 verbose headers   'transfer-encoding': 'chunked',
20 verbose headers   'accept-ranges': 'bytes',
20 verbose headers   date: 'Tue, 09 Aug 2016 03:23:13 GMT',
20 verbose headers   via: '1.1 varnish',
20 verbose headers   connection: 'keep-alive',
20 verbose headers   'x-served-by': 'cache-sjc3630-SJC',
20 verbose headers   'x-cache': 'MISS',
20 verbose headers   'x-cache-hits': '0',
20 verbose headers   'x-timer': 'S1470712993.552453,VS0,VE343',
20 verbose headers   vary: 'Accept-Encoding' }
21 silly get cb [ 200,
21 silly get   { server: 'CouchDB/1.6.1 (Erlang OTP/R16B03)',
21 silly get     etag: '"7MAEW1ZZ4B3P0VCTST9YZVM85"',
21 silly get     'content-type': 'application/json',
21 silly get     'content-encoding': 'gzip',
21 silly get     'cache-control': 'max-age=300',
21 silly get     'transfer-encoding': 'chunked',
21 silly get     'accept-ranges': 'bytes',
21 silly get     date: 'Tue, 09 Aug 2016 03:23:13 GMT',
21 silly get     via: '1.1 varnish',
21 silly get     connection: 'keep-alive',
21 silly get     'x-served-by': 'cache-sjc3630-SJC',
21 silly get     'x-cache': 'MISS',
21 silly get     'x-cache-hits': '0',
21 silly get     'x-timer': 'S1470712993.552453,VS0,VE343',
21 silly get     vary: 'Accept-Encoding' } ]
22 verbose get saving just-safe-set to /Users/anguscroll/.npm/registry.npmjs.org/just-safe-set/.cache.json
23 verbose correctMkdir /Users/anguscroll/.npm correctMkdir not in flight; initializing
24 silly install normalizeTree
25 silly loadCurrentTree Finishing
26 silly loadIdealTree Starting
27 silly install loadIdealTree
28 silly cloneCurrentTree Starting
29 silly install cloneCurrentTreeToIdealTree
30 silly cloneCurrentTree Finishing
31 silly loadShrinkwrap Starting
32 silly install loadShrinkwrap
33 silly loadShrinkwrap Finishing
34 silly loadAllDepsIntoIdealTree Starting
35 silly install loadAllDepsIntoIdealTree
36 silly rollbackFailedOptional Starting
37 silly rollbackFailedOptional Finishing
38 silly runTopLevelLifecycles Starting
39 silly runTopLevelLifecycles Finishing
40 silly install printInstalled
41 verbose stack Error: Refusing to install just-safe-set as a dependency of itself
41 verbose stack     at checkSelf (/Users/anguscroll/.nvm/versions/node/v4.2.1/lib/node_modules/npm/lib/install/validate-args.js:53:14)
41 verbose stack     at Array.<anonymous> (/Users/anguscroll/.nvm/versions/node/v4.2.1/lib/node_modules/npm/node_modules/slide/lib/bind-actor.js:15:8)
41 verbose stack     at LOOP (/Users/anguscroll/.nvm/versions/node/v4.2.1/lib/node_modules/npm/node_modules/slide/lib/chain.js:15:14)
41 verbose stack     at chain (/Users/anguscroll/.nvm/versions/node/v4.2.1/lib/node_modules/npm/node_modules/slide/lib/chain.js:20:5)
41 verbose stack     at /Users/anguscroll/.nvm/versions/node/v4.2.1/lib/node_modules/npm/lib/install/validate-args.js:16:5
41 verbose stack     at /Users/anguscroll/.nvm/versions/node/v4.2.1/lib/node_modules/npm/node_modules/slide/lib/async-map.js:52:35
41 verbose stack     at Array.forEach (native)
41 verbose stack     at /Users/anguscroll/.nvm/versions/node/v4.2.1/lib/node_modules/npm/node_modules/slide/lib/async-map.js:52:11
41 verbose stack     at Array.forEach (native)
41 verbose stack     at asyncMap (/Users/anguscroll/.nvm/versions/node/v4.2.1/lib/node_modules/npm/node_modules/slide/lib/async-map.js:51:8)
42 verbose cwd /Users/anguscroll/Documents/github/just/packages/object-safe-set
43 error Darwin 14.5.0
44 error argv "/Users/anguscroll/.nvm/versions/node/v4.2.1/bin/node" "/Users/anguscroll/.nvm/versions/node/v4.2.1/bin/npm" "i" "just-safe-set"
45 error node v4.2.1
46 error npm  v3.7.2
47 error code ENOSELF
48 error Refusing to install just-safe-set as a dependency of itself
49 error If you need help, you may report this error at:
49 error     <https://github.com/npm/npm/issues>
50 verbose exit [ 1, true ]
